<?xml version="1.0" encoding="UTF-8"?>
<!-- Generated by org.testng.reporters.JUnitXMLReporter -->
<testsuite hostname="DESKTOP-DUG12D0" ignored="0" name="Surefire test" tests="6" failures="0" timestamp="09 Jan 2020 12:26:31 GMT" time="0.033" errors="0">
  <testcase name="IOSApps" time="0.004" classname="MavenProject.AppiumTest"/>
  <testcase name="NativeAPpAndroid" time="0.0" classname="MavenProject.AppiumTest"/>
  <testcase name="deleteTwitter" time="0.0" classname="MavenProject.RESTAPITest"/>
  <testcase name="postJira" time="0.0" classname="MavenProject.RESTAPITest"/>
  <testcase name="BrowserAUtomation" time="0.0" classname="MavenProject.SeleniumTest"/>
  <testcase name="elementsUi" time="0.0" classname="MavenProject.SeleniumTest"/>
</testsuite> <!-- Surefire test -->
