<?xml version="1.0" encoding="UTF-8"?>
<!-- Generated by org.testng.reporters.JUnitXMLReporter -->
<testsuite hostname="DESKTOP-DUG12D0" ignored="0" name="Test" tests="4" failures="0" timestamp="09 Jan 2020 12:37:08 GMT" time="0.022" errors="0">
  <testcase name="BrowserAUtomation" time="0.005" classname="MavenProject.SeleniumTest"/>
  <testcase name="elementsUi" time="0.001" classname="MavenProject.SeleniumTest"/>
  <testcase name="deleteTwitter" time="0.0" classname="MavenProject.RESTAPITest"/>
  <testcase name="postJira" time="0.0" classname="MavenProject.RESTAPITest"/>
</testsuite> <!-- Test -->
